<?xml version="1.0" encoding="UTF-8"?>
<!-- Generated by org.testng.reporters.JUnitXMLReporter -->
<testsuite hostname="02HW11541" tests="0" failures="0" timestamp="7 Dec 2016 21:40:19 GMT" time="2.952" errors="0">
  <testcase name="@BeforeTest setUp" time="0.0" classname="BestbuyTesting.NewTest">
    <failure type="java.lang.IllegalStateException" message="Cannot get a STRING value from a NUMERIC cell">
      <![CDATA[java.lang.IllegalStateException: Cannot get a STRING value from a NUMERIC cell
	at org.apache.poi.hssf.usermodel.HSSFCell.typeMismatch(HSSFCell.java:655)
	at org.apache.poi.hssf.usermodel.HSSFCell.getRichStringCellValue(HSSFCell.java:732)
	at org.apache.poi.hssf.usermodel.HSSFCell.getStringCellValue(HSSFCell.java:715)
	at BestbuyTesting.NewTest.setUp(NewTest.java:83)
... Removed 26 stack frames]]>
    </failure>
  </testcase> <!-- @BeforeTest setUp -->
  <testcase name="@AfterTest tearDown" time="0.0" classname="BestbuyTesting.NewTest">
    <skipped/>
  </testcase> <!-- @AfterTest tearDown -->
  <testcase name="@AfterTest testWebdriver" time="0.0" classname="BestbuyTesting.NewTest">
    <skipped/>
  </testcase> <!-- @AfterTest testWebdriver -->
</testsuite>
